# DPlayerMAX v1.1.2 更新日志

发布日期: 2025-11-19

## 基础版本

这是 DPlayerMAX 插件的基础稳定版本，提供核心的视频播放功能。

## 核心功能

### 🎬 视频播放
- ✅ 支持 DPlayer 播放器集成
- ✅ 支持 HLS (m3u8) 格式视频
- ✅ 支持 FLV 格式视频
- ✅ 支持自定义主题颜色
- ✅ 支持弹幕功能

### 📝 编辑器集成
- ✅ 文章编辑器按钮
- ✅ 页面编辑器按钮
- ✅ 快捷插入播放器代码

### ⚙️ 配置选项
- 🎨 默认主题颜色设置
- 🔗 弹幕服务器地址配置
- 📹 HLS 支持开关
- 📹 FLV 支持开关

## 文件结构

```
DPlayerMAX/
├── assets/
│   ├── DPlayer.min.css      # DPlayer 样式文件
│   ├── DPlayer.min.js       # DPlayer 核心库
│   ├── editor.js            # 编辑器按钮脚本
│   └── player.js            # 播放器初始化脚本
├── plugin/
│   ├── hls.min.js          # HLS 支持库
│   └── flv.min.js          # FLV 支持库
├── docs/                    # 文档目录
├── Plugin.php              # 插件主文件
├── README.md               # 说明文档
└── VERSION                 # 版本文件
```

## 使用方法

### 基本用法
在文章或页面中插入短代码：
```
[dplayer url="视频地址" pic="封面图片" /]
```

### 完整参数
```
[dplayer 
    url="视频地址" 
    pic="封面图片"
    theme="#FADFA3"
    autoplay="false"
    loop="false"
    screenshot="false"
    danmu="false"
    subtitle="false"
/]
```

## 兼容性

### 系统要求
- PHP 5.6+
- Typecho 1.0+

### 浏览器支持
- Chrome 45+
- Firefox 42+
- Safari 10+
- Edge 12+
- IE 10+
## 安装说明

1. 下载插件压缩包
2. 解压到 `usr/plugins/` 目录
3. 重命名文件夹为 `DPlayerMAX`
4. 在后台启用插件
5. 进入插件设置页面配置

## 更新说明

### 手动更新步骤
1. 备份当前插件文件
2. 下载新版本
3. 删除旧文件
4. 上传新文件
5. 重新启用插件

## 致谢

感谢 DPlayer 项目提供优秀的播放器库。

---

**项目地址**: https://github.com/GamblerIX/DPlayerMAX
