# DPlayerMAX v1.2.0 更新日志

发布日期: 2025-01-21

## 重大更新

v1.2.0 是一次重要的架构优化版本，专注于代码质量提升和播放器稳定性改进。

## 核心改进

### 🔧 架构重构
- ✨ **模块化设计**：将代码拆分为独立的功能模块
  - `ext/PlayerRenderer.php` - 播放器渲染模块
  - `ext/UpdateUI.php` - 更新界面模块
  - `ext/ShortcodeParser.php` - 短代码解析模块
  - `ext/Updated.php` - 更新管理器（已存在）
- 📦 **代码精简**：主文件从 751 行优化到 243 行（减少 67%）
- 🎯 **职责分离**：每个模块专注于单一功能
- 🔄 **按需加载**：模块仅在需要时加载，提升性能

### 🐛 播放器稳定性修复
- ✅ **修复播放器抽风问题**：解决首次访问时播放器反复暂停/播放的问题
  - 禁用播放器互斥模式（`mutex: false`）
  - 实现延迟初始化（每个播放器间隔 100ms）
  - 添加独立错误处理机制
  - 使用闭包隔离播放器作用域
- ✅ **防止重复加载**：使用静态标记确保脚本只加载一次
- ✅ **错误隔离**：失败的播放器不再影响其他正常播放器
- ✅ **自动暂停**：加载失败的播放器自动暂停，避免持续触发错误

### 💻 代码质量提升
- 🎨 **更清晰的命名**：方法和变量命名更加语义化
- 📝 **更好的注释**：每个模块和方法都有清晰的文档注释
- 🔒 **保持安全性**：保留所有权限验证和XSS防护
- ⚡ **性能优化**：减少不必要的方法调用和重复代码
- 🧹 **代码简化**：移除冗余逻辑，简化控制流程

### 🎯 JavaScript 优化
- 📦 **压缩初始化脚本**：播放器初始化代码更加紧凑
- 🔄 **优化事件处理**：改进错误事件监听机制
- ⏱️ **延迟初始化**：避免多个播放器同时初始化导致的冲突
- 🛡️ **错误捕获**：添加 try-catch 保护，防止单个播放器错误影响全局

## 技术细节

### 模块说明

#### PlayerRenderer.php
负责播放器的HTML和JavaScript渲染
- `renderHeader()` - 输出CSS资源
- `renderFooter()` - 输出JS资源和初始化脚本
- `renderInitScript()` - 生成播放器初始化代码
- `parsePlayer()` - 解析播放器配置并生成HTML

#### UpdateUI.php
负责更新检查和更新UI的渲染
- `render()` - 渲染完整的更新界面
- `renderScript()` - 生成更新检查的JavaScript代码

#### ShortcodeParser.php
负责解析 [dplayer] 短代码
- `parseAtts()` - 解析短代码属性
- `getRegex()` - 生成短代码匹配正则表达式

### 播放器初始化流程优化

**之前的问题：**
```javascript
// 所有播放器同时初始化，可能导致冲突
document.addEventListener("DOMContentLoaded", loadDPlayer);
```

**现在的解决方案：**
```javascript
// 延迟初始化，每个播放器间隔100ms
setTimeout(function() {
    var player = new DPlayer(conf);
    player.on('error', function() { player.pause(); });
}, index * 100);
```

## 升级说明

### 从 v1.1.4 升级到 v1.2.0

#### 自动升级（推荐）
1. 访问插件配置页面
2. 点击"检查更新"按钮
3. 点击"立即更新"按钮
4. 等待更新完成并刷新页面

#### 手动升级
1. **备份数据**：备份当前插件目录
2. **下载新版本**：从 GitHub 下载 v1.2.0
3. **替换文件**：解压并替换到 `usr/plugins/DPlayerMAX/`
4. **验证安装**：访问插件配置页面，确认版本号为 1.2.0

### 注意事项
- ✅ 完全向后兼容，无需修改现有短代码
- ✅ 配置项保持不变，无需重新配置
- ✅ 新增的模块文件会自动创建
- ⚠️ 建议在升级前备份数据
- ⚠️ 升级后建议清除浏览器缓存

## 功能对比

### v1.1.4 vs v1.2.0

| 功能 | v1.1.4 | v1.2.0 |
|------|--------|--------|
| 视频播放 | ✅ | ✅ |
| HLS 支持 | ✅ | ✅ |
| FLV 支持 | ✅ | ✅ |
| 弹幕功能 | ✅ | ✅ |
| 编辑器按钮 | ✅ | ✅ |
| 自动更新 | ✅ | ✅ |
| **播放器稳定性** | ⚠️ | ✅ |
| **模块化架构** | ❌ | ✅ |
| **代码可维护性** | ⚠️ | ✅ |
| **错误隔离** | ❌ | ✅ |
| **性能优化** | ⚠️ | ✅ |

## 已知问题

无

## 下一步计划

- 🎨 支持更多播放器主题
- 📱 优化移动端体验
- 🔧 添加更多配置选项
- 📊 添加播放统计功能

## 致谢

感谢所有用户的反馈和建议，特别是关于播放器稳定性问题的报告。

---

**完整更新日志**: https://github.com/GamblerIX/DPlayerMAX/tree/main/Changelog
**问题反馈**: https://github.com/GamblerIX/DPlayerMAX/issues
